AndroidThingsboard_MQTT/tfmobile/gradleBuild/outputs/logs/manifest-merger-debug-report.txt
-- Merging decision tree log ---
manifest
ADDED from android/tfmobile/AndroidManifest.xml:18:1-57:12
MERGED from [org.tensorflow:tensorflow-android:1.10.0-rc1] AndroidManifest.xml:2:1-8:12
MERGED from [com.android.support.constraint:constraint-layout:1.1.2] AndroidManifest.xml:2:1-11:12
MERGED from [com.android.support:appcompat-v7:27.1.1] AndroidManifest.xml:17:1-22:12
MERGED from [com.android.support:support-fragment:27.1.1] AndroidManifest.xml:17:1-22:12
MERGED from [com.android.support:animated-vector-drawable:27.1.1] AndroidManifest.xml:17:1-22:12
MERGED from [com.android.support:support-core-ui:27.1.1] AndroidManifest.xml:17:1-22:12
MERGED from [com.android.support:support-core-utils:27.1.1] AndroidManifest.xml:17:1-22:12
MERGED from [com.android.support:support-vector-drawable:27.1.1] AndroidManifest.xml:17:1-22:12
MERGED from [com.android.support:support-compat:27.1.1] AndroidManifest.xml:17:1-22:12
MERGED from [android.arch.lifecycle:livedata-core:1.1.0] AndroidManifest.xml:17:1-22:12
MERGED from [android.arch.lifecycle:viewmodel:1.1.0] AndroidManifest.xml:17:1-22:12
MERGED from [android.arch.lifecycle:runtime:1.1.0] AndroidManifest.xml:17:1-22:12
MERGED from [android.arch.core:runtime:1.1.0] AndroidManifest.xml:17:1-22:12
	package
		ADDED from android/tfmobile/AndroidManifest.xml:19:5-34
	xmlns:android
		ADDED from android/tfmobile/AndroidManifest.xml:18:11-69
uses-permission#android.permission.CAMERA
ADDED from android/tfmobile/AndroidManifest.xml:21:5-65
	android:name
		ADDED from android/tfmobile/AndroidManifest.xml:21:22-62
uses-feature#android.hardware.camera
ADDED from android/tfmobile/AndroidManifest.xml:22:5-60
	android:name
		ADDED from android/tfmobile/AndroidManifest.xml:22:19-57
uses-feature#android.hardware.camera.autofocus
ADDED from android/tfmobile/AndroidManifest.xml:23:5-70
	android:name
		ADDED from android/tfmobile/AndroidManifest.xml:23:19-67
uses-permission#android.permission.WRITE_EXTERNAL_STORAGE
ADDED from android/tfmobile/AndroidManifest.xml:24:5-80
	android:name
		ADDED from android/tfmobile/AndroidManifest.xml:24:22-78
uses-permission#android.permission.WAKE_LOCK
ADDED from android/tfmobile/AndroidManifest.xml:27:5-68
	android:name
		ADDED from android/tfmobile/AndroidManifest.xml:27:22-65
uses-permission#android.permission.INTERNET
ADDED from android/tfmobile/AndroidManifest.xml:28:5-67
	android:name
		ADDED from android/tfmobile/AndroidManifest.xml:28:22-64
uses-permission#android.permission.ACCESS_NETWORK_STATE
ADDED from android/tfmobile/AndroidManifest.xml:29:5-79
	android:name
		ADDED from android/tfmobile/AndroidManifest.xml:29:22-76
uses-permission#android.permission.RECEIVE_BOOT_COMPLETED
ADDED from android/tfmobile/AndroidManifest.xml:30:5-81
	android:name
		ADDED from android/tfmobile/AndroidManifest.xml:30:22-78
uses-sdk
ADDED from android/tfmobile/AndroidManifest.xml:33:5-35:41
MERGED from [com.android.support.constraint:constraint-layout:1.1.2] AndroidManifest.xml:5:5-7:41
MERGED from [com.android.support.constraint:constraint-layout:1.1.2] AndroidManifest.xml:5:5-7:41
MERGED from [com.android.support:appcompat-v7:27.1.1] AndroidManifest.xml:20:5-44
MERGED from [com.android.support:appcompat-v7:27.1.1] AndroidManifest.xml:20:5-44
MERGED from [com.android.support:support-fragment:27.1.1] AndroidManifest.xml:20:5-44
MERGED from [com.android.support:support-fragment:27.1.1] AndroidManifest.xml:20:5-44
MERGED from [com.android.support:animated-vector-drawable:27.1.1] AndroidManifest.xml:20:5-44
MERGED from [com.android.support:animated-vector-drawable:27.1.1] AndroidManifest.xml:20:5-44
MERGED from [com.android.support:support-core-ui:27.1.1] AndroidManifest.xml:20:5-44
MERGED from [com.android.support:support-core-ui:27.1.1] AndroidManifest.xml:20:5-44
MERGED from [com.android.support:support-core-utils:27.1.1] AndroidManifest.xml:20:5-44
MERGED from [com.android.support:support-core-utils:27.1.1] AndroidManifest.xml:20:5-44
MERGED from [com.android.support:support-vector-drawable:27.1.1] AndroidManifest.xml:20:5-44
MERGED from [com.android.support:support-vector-drawable:27.1.1] AndroidManifest.xml:20:5-44
MERGED from [com.android.support:support-compat:27.1.1] AndroidManifest.xml:20:5-44
MERGED from [com.android.support:support-compat:27.1.1] AndroidManifest.xml:20:5-44
MERGED from [android.arch.lifecycle:livedata-core:1.1.0] AndroidManifest.xml:20:5-44
MERGED from [android.arch.lifecycle:livedata-core:1.1.0] AndroidManifest.xml:20:5-44
MERGED from [android.arch.lifecycle:viewmodel:1.1.0] AndroidManifest.xml:20:5-44
MERGED from [android.arch.lifecycle:viewmodel:1.1.0] AndroidManifest.xml:20:5-44
MERGED from [android.arch.lifecycle:runtime:1.1.0] AndroidManifest.xml:20:5-44
MERGED from [android.arch.lifecycle:runtime:1.1.0] AndroidManifest.xml:20:5-44
MERGED from [android.arch.core:runtime:1.1.0] AndroidManifest.xml:20:5-44
MERGED from [android.arch.core:runtime:1.1.0] AndroidManifest.xml:20:5-44
	android:targetSdkVersion
		ADDED from android/tfmobile/AndroidManifest.xml:35:9-38
	android:minSdkVersion
		ADDED from android/tfmobile/AndroidManifest.xml:34:9-35
application
ADDED from android/tfmobile/AndroidManifest.xml:37:5-55:19
MERGED from [org.tensorflow:tensorflow-android:1.10.0-rc1] AndroidManifest.xml:5:5-6:19
MERGED from [org.tensorflow:tensorflow-android:1.10.0-rc1] AndroidManifest.xml:5:5-6:19
MERGED from [com.android.support.constraint:constraint-layout:1.1.2] AndroidManifest.xml:9:5-20
MERGED from [com.android.support.constraint:constraint-layout:1.1.2] AndroidManifest.xml:9:5-20
	android:label
		ADDED from android/tfmobile/AndroidManifest.xml:39:9-41
	android:debuggable
		ADDED from android/tfmobile/AndroidManifest.xml:38:9-34
	android:icon
		ADDED from android/tfmobile/AndroidManifest.xml:40:9-45
	android:allowBackup
		ADDED from android/tfmobile/AndroidManifest.xml:37:18-44
	android:theme
		ADDED from android/tfmobile/AndroidManifest.xml:41:9-45
activity#org.tensorflow.demo.ClassifierActivity
ADDED from android/tfmobile/AndroidManifest.xml:43:9-50:20
	android:screenOrientation
		ADDED from android/tfmobile/AndroidManifest.xml:44:19-55
	android:label
		ADDED from android/tfmobile/AndroidManifest.xml:45:19-71
	android:name
		ADDED from android/tfmobile/AndroidManifest.xml:43:19-72
intent-filter#android.intent.action.MAIN+android.intent.category.LAUNCHER
ADDED from android/tfmobile/AndroidManifest.xml:46:13-49:29
action#android.intent.action.MAIN
ADDED from android/tfmobile/AndroidManifest.xml:47:17-69
	android:name
		ADDED from android/tfmobile/AndroidManifest.xml:47:25-66
category#android.intent.category.LAUNCHER
ADDED from android/tfmobile/AndroidManifest.xml:48:17-77
	android:name
		ADDED from android/tfmobile/AndroidManifest.xml:48:27-74
service#org.eclipse.paho.android.service.MqttService
ADDED from android/tfmobile/AndroidManifest.xml:53:9-80
	android:name
		ADDED from android/tfmobile/AndroidManifest.xml:53:18-77
uses-permission#android.permission.READ_PHONE_STATE
IMPLIED from android/tfmobile/AndroidManifest.xml:18:1-57:12 reason: tensorflow.contrib.android has a targetSdkVersion < 4
uses-permission#android.permission.READ_EXTERNAL_STORAGE
IMPLIED from android/tfmobile/AndroidManifest.xml:18:1-57:12 reason: tensorflow.contrib.android requested WRITE_EXTERNAL_STORAGE